<?xml version="1.0" encoding="UTF-8"?>
<testsuite name="All Test"
           tests="4"
           failures="0"
           errors="0"
           skipped="0"
           time="23.262">
  <properties />
  
  
            <testcase name="searchTheDeletedUserAndVerifyTheMessageNoRecordFound" time="5.334" classname="com.orangehrmlive.demo.testsuite.UserTest" />
                <testcase name="verifyThatAdminShouldDeleteTheUserSuccessFully" time="6.241" classname="com.orangehrmlive.demo.testsuite.UserTest" />
                <testcase name="searchTheUserCreatedAndVerifyIt" time="5.604" classname="com.orangehrmlive.demo.testsuite.UserTest" />
                <testcase name="adminShouldAddUserSuccessFully" time="6.083" classname="com.orangehrmlive.demo.testsuite.UserTest" />
      
</testsuite>
